2024-12-19 10:50:02,182 - INFO - Processed: /media/jimmychestnut/bastion/data/raw/Documents/Official Records/Army/Army Personnel File/750897366.tif -> /media/jimmychestnut/bastion/data/processed/Documents/Official Records/Army/Army Personnel File/750897366.json
2024-12-19 10:50:03,804 - INFO - Processed: /media/jimmychestnut/bastion/data/raw/Documents/Official Records/Army/Army Personnel File/736555216.tif -> /media/jimmychestnut/bastion/data/processed/Documents/Official Records/Army/Army Personnel File/736555216.json
2024-12-19 10:50:04,463 - INFO - Processed: /media/jimmychestnut/bastion/data/raw/Documents/Official Records/Army/Army Personnel File/406474106.tif -> /media/jimmychestnut/bastion/data/processed/Documents/Official Records/Army/Army Personnel File/406474106.json
2024-12-19 10:50:05,172 - INFO - Processed: /media/jimmychestnut/bastion/data/raw/Documents/Official Records/Army/Army Personnel File/407733595.tif -> /media/jimmychestnut/bastion/data/processed/Documents/Official Records/Army/Army Personnel File/407733595.json
2024-12-19 10:50:05,809 - INFO - Processed: /media/jimmychestnut/bastion/data/raw/Documents/Official Records/Army/Army Personnel File/403121022.tif -> /media/jimmychestnut/bastion/data/processed/Documents/Official Records/Army/Army Personnel File/403121022.json
2024-12-19 10:50:08,126 - INFO - Processed: /media/jimmychestnut/bastion/data/raw/Documents/Official Records/Army/Army Personnel File/762953278.tif -> /media/jimmychestnut/bastion/data/processed/Documents/Official Records/Army/Army Personnel File/762953278.json
2024-12-19 10:50:10,672 - INFO - Processed: /media/jimmychestnut/bastion/data/raw/Documents/Official Records/Army/Army Personnel File/772681482.tif -> /media/jimmychestnut/bastion/data/processed/Documents/Official Records/Army/Army Personnel File/772681482.json
2024-12-19 10:50:12,235 - INFO - Processed: /media/jimmychestnut/bastion/data/raw/Documents/Official Records/Army/Army Personnel File/806612080.tif -> /media/jimmychestnut/bastion/data/processed/Documents/Official Records/Army/Army Personnel File/806612080.json
2024-12-19 10:50:14,224 - INFO - Processed: /media/jimmychestnut/bastion/data/raw/Documents/Official Records/Army/Army Personnel File/408541854.tif -> /media/jimmychestnut/bastion/data/processed/Documents/Official Records/Army/Army Personnel File/408541854.json
2024-12-19 10:50:16,230 - INFO - Processed: /media/jimmychestnut/bastion/data/raw/Documents/Official Records/Army/Army Personnel File/402987750.tif -> /media/jimmychestnut/bastion/data/processed/Documents/Official Records/Army/Army Personnel File/402987750.json
2024-12-19 10:50:16,580 - INFO - Processed: /media/jimmychestnut/bastion/data/raw/Documents/Official Records/Army/Army Personnel File/750885366.tif -> /media/jimmychestnut/bastion/data/processed/Documents/Official Records/Army/Army Personnel File/750885366.json
2024-12-19 10:50:18,258 - INFO - Processed: /media/jimmychestnut/bastion/data/raw/Documents/Official Records/Army/Army Personnel File/409145024.tif -> /media/jimmychestnut/bastion/data/processed/Documents/Official Records/Army/Army Personnel File/409145024.json
2024-12-19 10:50:20,294 - INFO - Processed: /media/jimmychestnut/bastion/data/raw/Documents/Official Records/Army/Army Personnel File/716903382.tif -> /media/jimmychestnut/bastion/data/processed/Documents/Official Records/Army/Army Personnel File/716903382.json
2024-12-19 10:50:20,908 - INFO - Processed: /media/jimmychestnut/bastion/data/raw/Documents/Official Records/Army/Army Personnel File/802519533.tif -> /media/jimmychestnut/bastion/data/processed/Documents/Official Records/Army/Army Personnel File/802519533.json
2024-12-19 10:50:23,032 - INFO - Processed: /media/jimmychestnut/bastion/data/raw/Documents/Official Records/Army/Army Personnel File/551035627.tif -> /media/jimmychestnut/bastion/data/processed/Documents/Official Records/Army/Army Personnel File/551035627.json
2024-12-19 10:50:23,745 - INFO - Processed: /media/jimmychestnut/bastion/data/raw/Documents/Official Records/Army/Army Personnel File/720078300.tif -> /media/jimmychestnut/bastion/data/processed/Documents/Official Records/Army/Army Personnel File/720078300.json
2024-12-19 10:50:25,613 - INFO - Processed: /media/jimmychestnut/bastion/data/raw/Documents/Official Records/Army/Army Personnel File/401424025.tif -> /media/jimmychestnut/bastion/data/processed/Documents/Official Records/Army/Army Personnel File/401424025.json
2024-12-19 10:50:27,959 - INFO - Processed: /media/jimmychestnut/bastion/data/raw/Documents/Official Records/Army/Army Personnel File/796499893.tif -> /media/jimmychestnut/bastion/data/processed/Documents/Official Records/Army/Army Personnel File/796499893.json
2024-12-19 10:50:31,539 - INFO - Processed: /media/jimmychestnut/bastion/data/raw/Documents/Official Records/Army/Army Personnel File/406052699.tif -> /media/jimmychestnut/bastion/data/processed/Documents/Official Records/Army/Army Personnel File/406052699.json
2024-12-19 10:50:31,916 - INFO - Processed: /media/jimmychestnut/bastion/data/raw/Documents/Official Records/Army/Army Personnel File/750885356.tif -> /media/jimmychestnut/bastion/data/processed/Documents/Official Records/Army/Army Personnel File/750885356.json
2024-12-19 10:50:34,261 - INFO - Processed: /media/jimmychestnut/bastion/data/raw/Documents/Official Records/Army/Army Personnel File/410623931.tif -> /media/jimmychestnut/bastion/data/processed/Documents/Official Records/Army/Army Personnel File/410623931.json
2024-12-19 10:50:35,191 - INFO - Processed: /media/jimmychestnut/bastion/data/raw/Documents/Official Records/Army/Army Personnel File/402494811.tif -> /media/jimmychestnut/bastion/data/processed/Documents/Official Records/Army/Army Personnel File/402494811.json
2024-12-19 10:50:35,934 - INFO - Processed: /media/jimmychestnut/bastion/data/raw/Documents/Official Records/Army/Army Personnel File/746837164.tif -> /media/jimmychestnut/bastion/data/processed/Documents/Official Records/Army/Army Personnel File/746837164.json
2024-12-19 10:50:37,866 - INFO - Processed: /media/jimmychestnut/bastion/data/raw/Documents/Official Records/Army/Army Personnel File/750897366.tif -> /media/jimmychestnut/bastion/data/processed/Documents/Official Records/Army/Army Personnel File/750897366.json
2024-12-19 10:50:38,390 - INFO - Processed: /media/jimmychestnut/bastion/data/raw/Documents/Official Records/Army/Army Personnel File/406732246.tif -> /media/jimmychestnut/bastion/data/processed/Documents/Official Records/Army/Army Personnel File/406732246.json
2024-12-19 10:50:38,952 - INFO - Processed: /media/jimmychestnut/bastion/data/raw/Documents/Official Records/Army/Army Personnel File/750885363.tif -> /media/jimmychestnut/bastion/data/processed/Documents/Official Records/Army/Army Personnel File/750885363.json
2024-12-19 10:50:39,489 - INFO - Processed: /media/jimmychestnut/bastion/data/raw/Documents/Official Records/Army/Army Personnel File/736555216.tif -> /media/jimmychestnut/bastion/data/processed/Documents/Official Records/Army/Army Personnel File/736555216.json
2024-12-19 10:50:39,499 - INFO - Processed: /media/jimmychestnut/bastion/data/raw/Documents/Official Records/Army/Army Personnel File/707555677.tif -> /media/jimmychestnut/bastion/data/processed/Documents/Official Records/Army/Army Personnel File/707555677.json
2024-12-19 10:50:40,173 - INFO - Processed: /media/jimmychestnut/bastion/data/raw/Documents/Official Records/Army/Army Personnel File/406474106.tif -> /media/jimmychestnut/bastion/data/processed/Documents/Official Records/Army/Army Personnel File/406474106.json
2024-12-19 10:50:40,681 - INFO - Processed: /media/jimmychestnut/bastion/data/raw/Documents/Official Records/Army/Army Personnel File/402002961.tif -> /media/jimmychestnut/bastion/data/processed/Documents/Official Records/Army/Army Personnel File/402002961.json
2024-12-19 10:50:40,902 - INFO - Processed: /media/jimmychestnut/bastion/data/raw/Documents/Official Records/Army/Army Personnel File/407733595.tif -> /media/jimmychestnut/bastion/data/processed/Documents/Official Records/Army/Army Personnel File/407733595.json
2024-12-19 10:50:41,198 - INFO - Processed: /media/jimmychestnut/bastion/data/raw/Documents/Official Records/Army/Army Personnel File/750885358.tif -> /media/jimmychestnut/bastion/data/processed/Documents/Official Records/Army/Army Personnel File/750885358.json
2024-12-19 10:50:41,561 - INFO - Processed: /media/jimmychestnut/bastion/data/raw/Documents/Official Records/Army/Army Personnel File/403121022.tif -> /media/jimmychestnut/bastion/data/processed/Documents/Official Records/Army/Army Personnel File/403121022.json
2024-12-19 10:50:41,753 - INFO - Processed: /media/jimmychestnut/bastion/data/raw/Documents/Official Records/Army/Army Personnel File/750897364.tif -> /media/jimmychestnut/bastion/data/processed/Documents/Official Records/Army/Army Personnel File/750897364.json
2024-12-19 10:50:44,187 - INFO - Processed: /media/jimmychestnut/bastion/data/raw/Documents/Official Records/Army/Army Personnel File/762953278.tif -> /media/jimmychestnut/bastion/data/processed/Documents/Official Records/Army/Army Personnel File/762953278.json
2024-12-19 10:50:44,414 - INFO - Processed: /media/jimmychestnut/bastion/data/raw/Documents/Official Records/Army/Army Personnel File/785267568.tif -> /media/jimmychestnut/bastion/data/processed/Documents/Official Records/Army/Army Personnel File/785267568.json
2024-12-19 10:50:46,912 - INFO - Processed: /media/jimmychestnut/bastion/data/raw/Documents/Official Records/Army/Army Personnel File/772681482.tif -> /media/jimmychestnut/bastion/data/processed/Documents/Official Records/Army/Army Personnel File/772681482.json
2024-12-19 10:50:47,072 - INFO - Processed: /media/jimmychestnut/bastion/data/raw/Documents/Official Records/Army/Army Personnel File/806612079.tif -> /media/jimmychestnut/bastion/data/processed/Documents/Official Records/Army/Army Personnel File/806612079.json
2024-12-19 10:50:48,614 - INFO - Processed: /media/jimmychestnut/bastion/data/raw/Documents/Official Records/Army/Army Personnel File/806612080.tif -> /media/jimmychestnut/bastion/data/processed/Documents/Official Records/Army/Army Personnel File/806612080.json
2024-12-19 10:50:50,824 - INFO - Processed: /media/jimmychestnut/bastion/data/raw/Documents/Official Records/Army/Army Personnel File/403241800.tif -> /media/jimmychestnut/bastion/data/processed/Documents/Official Records/Army/Army Personnel File/403241800.json
2024-12-19 10:50:50,832 - INFO - Processed: /media/jimmychestnut/bastion/data/raw/Documents/Official Records/Army/Army Personnel File/408541854.tif -> /media/jimmychestnut/bastion/data/processed/Documents/Official Records/Army/Army Personnel File/408541854.json
2024-12-19 10:50:53,090 - INFO - Processed: /media/jimmychestnut/bastion/data/raw/Documents/Official Records/Army/Army Personnel File/402987750.tif -> /media/jimmychestnut/bastion/data/processed/Documents/Official Records/Army/Army Personnel File/402987750.json
2024-12-19 10:50:53,439 - INFO - Processed: /media/jimmychestnut/bastion/data/raw/Documents/Official Records/Army/Army Personnel File/750885366.tif -> /media/jimmychestnut/bastion/data/processed/Documents/Official Records/Army/Army Personnel File/750885366.json
2024-12-19 10:50:53,663 - INFO - Processed: /media/jimmychestnut/bastion/data/raw/Documents/Official Records/Army/Army Personnel File/720646496.tif -> /media/jimmychestnut/bastion/data/processed/Documents/Official Records/Army/Army Personnel File/720646496.json
2024-12-19 10:50:53,955 - INFO - Processed: /media/jimmychestnut/bastion/data/raw/Documents/Official Records/Army/Army Personnel File/750897361.tif -> /media/jimmychestnut/bastion/data/processed/Documents/Official Records/Army/Army Personnel File/750897361.json
2024-12-19 10:50:54,301 - INFO - Processed: /media/jimmychestnut/bastion/data/raw/Documents/Official Records/Army/Army Personnel File/750885361.tif -> /media/jimmychestnut/bastion/data/processed/Documents/Official Records/Army/Army Personnel File/750885361.json
2024-12-19 10:50:55,154 - INFO - Processed: /media/jimmychestnut/bastion/data/raw/Documents/Official Records/Army/Army Personnel File/409145024.tif -> /media/jimmychestnut/bastion/data/processed/Documents/Official Records/Army/Army Personnel File/409145024.json
2024-12-19 10:50:55,227 - INFO - Processed: /media/jimmychestnut/bastion/data/raw/Documents/Official Records/Army/Army Personnel File/402302718.tif -> /media/jimmychestnut/bastion/data/processed/Documents/Official Records/Army/Army Personnel File/402302718.json
2024-12-19 10:50:57,422 - INFO - Processed: /media/jimmychestnut/bastion/data/raw/Documents/Official Records/Army/Army Personnel File/716903382.tif -> /media/jimmychestnut/bastion/data/processed/Documents/Official Records/Army/Army Personnel File/716903382.json
2024-12-19 10:50:58,003 - INFO - Processed: /media/jimmychestnut/bastion/data/raw/Documents/Official Records/Army/Army Personnel File/745214512.tif -> /media/jimmychestnut/bastion/data/processed/Documents/Official Records/Army/Army Personnel File/745214512.json
2024-12-19 10:50:58,074 - INFO - Processed: /media/jimmychestnut/bastion/data/raw/Documents/Official Records/Army/Army Personnel File/802519533.tif -> /media/jimmychestnut/bastion/data/processed/Documents/Official Records/Army/Army Personnel File/802519533.json
2024-12-19 10:51:00,480 - INFO - Processed: /media/jimmychestnut/bastion/data/raw/Documents/Official Records/Army/Army Personnel File/551035627.tif -> /media/jimmychestnut/bastion/data/processed/Documents/Official Records/Army/Army Personnel File/551035627.json
2024-12-19 10:51:00,651 - INFO - Processed: /media/jimmychestnut/bastion/data/raw/Documents/Official Records/Army/Army Personnel File/806612081.tif -> /media/jimmychestnut/bastion/data/processed/Documents/Official Records/Army/Army Personnel File/806612081.json
2024-12-19 10:51:01,110 - INFO - Processed: /media/jimmychestnut/bastion/data/raw/Documents/Official Records/Army/Army Personnel File/750885365.tif -> /media/jimmychestnut/bastion/data/processed/Documents/Official Records/Army/Army Personnel File/750885365.json
2024-12-19 10:51:01,217 - INFO - Processed: /media/jimmychestnut/bastion/data/raw/Documents/Official Records/Army/Army Personnel File/720078300.tif -> /media/jimmychestnut/bastion/data/processed/Documents/Official Records/Army/Army Personnel File/720078300.json
2024-12-19 10:51:03,253 - INFO - Processed: /media/jimmychestnut/bastion/data/raw/Documents/Official Records/Army/Army Personnel File/401424025.tif -> /media/jimmychestnut/bastion/data/processed/Documents/Official Records/Army/Army Personnel File/401424025.json
2024-12-19 10:51:03,906 - INFO - Processed: /media/jimmychestnut/bastion/data/raw/Documents/Official Records/Army/Army Personnel File/739460464.tif -> /media/jimmychestnut/bastion/data/processed/Documents/Official Records/Army/Army Personnel File/739460464.json
2024-12-19 10:51:04,697 - INFO - Processed: /media/jimmychestnut/bastion/data/raw/Documents/Official Records/Army/Army Personnel File/406329479.tif -> /media/jimmychestnut/bastion/data/processed/Documents/Official Records/Army/Army Personnel File/406329479.json
2024-12-19 10:51:05,798 - INFO - Processed: /media/jimmychestnut/bastion/data/raw/Documents/Official Records/Army/Army Personnel File/796499893.tif -> /media/jimmychestnut/bastion/data/processed/Documents/Official Records/Army/Army Personnel File/796499893.json
2024-12-19 10:51:07,020 - INFO - Processed: /media/jimmychestnut/bastion/data/raw/Documents/Official Records/Army/Army Personnel File/795182810.tif -> /media/jimmychestnut/bastion/data/processed/Documents/Official Records/Army/Army Personnel File/795182810.json
2024-12-19 10:51:09,496 - INFO - Processed: /media/jimmychestnut/bastion/data/raw/Documents/Official Records/Army/Army Personnel File/745180269.tif -> /media/jimmychestnut/bastion/data/processed/Documents/Official Records/Army/Army Personnel File/745180269.json
2024-12-19 10:51:09,751 - INFO - Processed: /media/jimmychestnut/bastion/data/raw/Documents/Official Records/Army/Army Personnel File/406052699.tif -> /media/jimmychestnut/bastion/data/processed/Documents/Official Records/Army/Army Personnel File/406052699.json
2024-12-19 10:51:09,942 - INFO - Processed: /media/jimmychestnut/bastion/data/raw/Documents/Official Records/Army/Army Personnel File/750885446.tif -> /media/jimmychestnut/bastion/data/processed/Documents/Official Records/Army/Army Personnel File/750885446.json
2024-12-19 10:51:10,140 - INFO - Processed: /media/jimmychestnut/bastion/data/raw/Documents/Official Records/Army/Army Personnel File/750885356.tif -> /media/jimmychestnut/bastion/data/processed/Documents/Official Records/Army/Army Personnel File/750885356.json
2024-12-19 10:51:12,021 - INFO - Processed: /media/jimmychestnut/bastion/data/raw/Documents/Official Records/Army/Army Personnel File/700711777.tif -> /media/jimmychestnut/bastion/data/processed/Documents/Official Records/Army/Army Personnel File/700711777.json
2024-12-19 10:51:12,701 - INFO - Processed: /media/jimmychestnut/bastion/data/raw/Documents/Official Records/Army/Army Personnel File/410623931.tif -> /media/jimmychestnut/bastion/data/processed/Documents/Official Records/Army/Army Personnel File/410623931.json
2024-12-19 10:51:13,751 - INFO - Processed: /media/jimmychestnut/bastion/data/raw/Documents/Official Records/Army/Army Personnel File/402494811.tif -> /media/jimmychestnut/bastion/data/processed/Documents/Official Records/Army/Army Personnel File/402494811.json
2024-12-19 10:51:14,607 - INFO - Processed: /media/jimmychestnut/bastion/data/raw/Documents/Official Records/Army/Army Personnel File/746837164.tif -> /media/jimmychestnut/bastion/data/processed/Documents/Official Records/Army/Army Personnel File/746837164.json
2024-12-19 10:51:16,142 - INFO - Processed: /media/jimmychestnut/bastion/data/raw/Documents/Official Records/Army/Army Personnel File/401821223.tif -> /media/jimmychestnut/bastion/data/processed/Documents/Official Records/Army/Army Personnel File/401821223.json
2024-12-19 10:51:16,466 - INFO - Processed: /media/jimmychestnut/bastion/data/raw/Documents/Official Records/Army/Army Personnel File/750885341.tif -> /media/jimmychestnut/bastion/data/processed/Documents/Official Records/Army/Army Personnel File/750885341.json
2024-12-19 10:51:17,213 - INFO - Processed: /media/jimmychestnut/bastion/data/raw/Documents/Official Records/Army/Army Personnel File/406732246.tif -> /media/jimmychestnut/bastion/data/processed/Documents/Official Records/Army/Army Personnel File/406732246.json
2024-12-19 10:51:17,779 - INFO - Processed: /media/jimmychestnut/bastion/data/raw/Documents/Official Records/Army/Army Personnel File/750885363.tif -> /media/jimmychestnut/bastion/data/processed/Documents/Official Records/Army/Army Personnel File/750885363.json
2024-12-19 10:51:18,254 - INFO - Processed: /media/jimmychestnut/bastion/data/raw/Documents/Official Records/Army/Army Personnel File/404247791.tif -> /media/jimmychestnut/bastion/data/processed/Documents/Official Records/Army/Army Personnel File/404247791.json
2024-12-19 10:51:18,326 - INFO - Processed: /media/jimmychestnut/bastion/data/raw/Documents/Official Records/Army/Army Personnel File/707555677.tif -> /media/jimmychestnut/bastion/data/processed/Documents/Official Records/Army/Army Personnel File/707555677.json
2024-12-19 10:51:19,553 - INFO - Processed: /media/jimmychestnut/bastion/data/raw/Documents/Official Records/Army/Army Personnel File/402002961.tif -> /media/jimmychestnut/bastion/data/processed/Documents/Official Records/Army/Army Personnel File/402002961.json
2024-12-19 10:51:20,101 - INFO - Processed: /media/jimmychestnut/bastion/data/raw/Documents/Official Records/Army/Army Personnel File/750885358.tif -> /media/jimmychestnut/bastion/data/processed/Documents/Official Records/Army/Army Personnel File/750885358.json
2024-12-19 10:51:20,298 - INFO - Processed: /media/jimmychestnut/bastion/data/raw/Documents/Official Records/Army/Army Personnel File/406209186.tif -> /media/jimmychestnut/bastion/data/processed/Documents/Official Records/Army/Army Personnel File/406209186.json
2024-12-19 10:51:20,659 - INFO - Processed: /media/jimmychestnut/bastion/data/raw/Documents/Official Records/Army/Army Personnel File/750897364.tif -> /media/jimmychestnut/bastion/data/processed/Documents/Official Records/Army/Army Personnel File/750897364.json
2024-12-19 10:51:22,164 - INFO - Processed: /media/jimmychestnut/bastion/data/raw/Documents/Official Records/Army/Army Personnel File/550514706.tif -> /media/jimmychestnut/bastion/data/processed/Documents/Official Records/Army/Army Personnel File/550514706.json
2024-12-19 10:51:23,315 - INFO - Processed: /media/jimmychestnut/bastion/data/raw/Documents/Official Records/Army/Army Personnel File/785267568.tif -> /media/jimmychestnut/bastion/data/processed/Documents/Official Records/Army/Army Personnel File/785267568.json
2024-12-19 10:51:24,096 - INFO - Processed: /media/jimmychestnut/bastion/data/raw/Documents/Official Records/Army/Army Personnel File/736570293.tif -> /media/jimmychestnut/bastion/data/processed/Documents/Official Records/Army/Army Personnel File/736570293.json
2024-12-19 10:51:25,830 - INFO - Processed: /media/jimmychestnut/bastion/data/raw/Documents/Official Records/Army/Army Personnel File/806612079.tif -> /media/jimmychestnut/bastion/data/processed/Documents/Official Records/Army/Army Personnel File/806612079.json
2024-12-19 10:51:25,958 - INFO - Processed: /media/jimmychestnut/bastion/data/raw/Documents/Official Records/Army/Army Personnel File/409336829.tif -> /media/jimmychestnut/bastion/data/processed/Documents/Official Records/Army/Army Personnel File/409336829.json
2024-12-19 10:51:27,859 - INFO - Processed: /media/jimmychestnut/bastion/data/raw/Documents/Official Records/Army/Army Personnel File/760686302.tif -> /media/jimmychestnut/bastion/data/processed/Documents/Official Records/Army/Army Personnel File/760686302.json
2024-12-19 10:51:29,451 - INFO - Processed: /media/jimmychestnut/bastion/data/raw/Documents/Official Records/Army/Army Personnel File/403241800.tif -> /media/jimmychestnut/bastion/data/processed/Documents/Official Records/Army/Army Personnel File/403241800.json
2024-12-19 10:51:30,470 - INFO - Processed: /media/jimmychestnut/bastion/data/raw/Documents/Official Records/Army/Army Personnel File/714161809.tif -> /media/jimmychestnut/bastion/data/processed/Documents/Official Records/Army/Army Personnel File/714161809.json
2024-12-19 10:51:32,214 - INFO - Processed: /media/jimmychestnut/bastion/data/raw/Documents/Official Records/Army/Army Personnel File/720646496.tif -> /media/jimmychestnut/bastion/data/processed/Documents/Official Records/Army/Army Personnel File/720646496.json
2024-12-19 10:51:32,507 - INFO - Processed: /media/jimmychestnut/bastion/data/raw/Documents/Official Records/Army/Army Personnel File/750897361.tif -> /media/jimmychestnut/bastion/data/processed/Documents/Official Records/Army/Army Personnel File/750897361.json
2024-12-19 10:51:32,801 - INFO - Processed: /media/jimmychestnut/bastion/data/raw/Documents/Official Records/Army/Army Personnel File/760685469.tif -> /media/jimmychestnut/bastion/data/processed/Documents/Official Records/Army/Army Personnel File/760685469.json
2024-12-19 10:51:32,841 - INFO - Processed: /media/jimmychestnut/bastion/data/raw/Documents/Official Records/Army/Army Personnel File/750885361.tif -> /media/jimmychestnut/bastion/data/processed/Documents/Official Records/Army/Army Personnel File/750885361.json
2024-12-19 10:51:33,776 - INFO - Processed: /media/jimmychestnut/bastion/data/raw/Documents/Official Records/Army/Army Personnel File/402302718.tif -> /media/jimmychestnut/bastion/data/processed/Documents/Official Records/Army/Army Personnel File/402302718.json
2024-12-19 10:51:33,970 - INFO - Processed: /media/jimmychestnut/bastion/data/raw/Documents/Official Records/Army/Army Personnel File/750885447.tif -> /media/jimmychestnut/bastion/data/processed/Documents/Official Records/Army/Army Personnel File/750885447.json
2024-12-19 10:51:34,463 - INFO - Processed: /media/jimmychestnut/bastion/data/raw/Documents/Official Records/Army/Army Personnel File/750897365.tif -> /media/jimmychestnut/bastion/data/processed/Documents/Official Records/Army/Army Personnel File/750897365.json
2024-12-19 10:51:36,585 - INFO - Processed: /media/jimmychestnut/bastion/data/raw/Documents/Official Records/Army/Army Personnel File/745214512.tif -> /media/jimmychestnut/bastion/data/processed/Documents/Official Records/Army/Army Personnel File/745214512.json
2024-12-19 10:51:36,729 - INFO - Processed: /media/jimmychestnut/bastion/data/raw/Documents/Official Records/Army/Army Personnel File/407209983.tif -> /media/jimmychestnut/bastion/data/processed/Documents/Official Records/Army/Army Personnel File/407209983.json
2024-12-19 10:51:39,299 - INFO - Processed: /media/jimmychestnut/bastion/data/raw/Documents/Official Records/Army/Army Personnel File/806612081.tif -> /media/jimmychestnut/bastion/data/processed/Documents/Official Records/Army/Army Personnel File/806612081.json
2024-12-19 10:51:39,349 - INFO - Processed: /media/jimmychestnut/bastion/data/raw/Documents/Official Records/Army/Army Personnel File/409673467.tif -> /media/jimmychestnut/bastion/data/processed/Documents/Official Records/Army/Army Personnel File/409673467.json
2024-12-19 10:51:39,762 - INFO - Processed: /media/jimmychestnut/bastion/data/raw/Documents/Official Records/Army/Army Personnel File/750885365.tif -> /media/jimmychestnut/bastion/data/processed/Documents/Official Records/Army/Army Personnel File/750885365.json
2024-12-19 10:51:39,970 - INFO - Processed: /media/jimmychestnut/bastion/data/raw/Documents/Official Records/Army/Army Personnel File/410853662.tif -> /media/jimmychestnut/bastion/data/processed/Documents/Official Records/Army/Army Personnel File/410853662.json
2024-12-19 10:51:41,040 - INFO - Processed: /media/jimmychestnut/bastion/data/raw/Documents/Official Records/Army/Army Personnel File/404495142.tif -> /media/jimmychestnut/bastion/data/processed/Documents/Official Records/Army/Army Personnel File/404495142.json
2024-12-19 10:51:42,591 - INFO - Processed: /media/jimmychestnut/bastion/data/raw/Documents/Official Records/Army/Army Personnel File/739460464.tif -> /media/jimmychestnut/bastion/data/processed/Documents/Official Records/Army/Army Personnel File/739460464.json
2024-12-19 10:51:42,719 - INFO - Processed: /media/jimmychestnut/bastion/data/raw/Documents/Official Records/Army/Army Personnel File/772634732.tif -> /media/jimmychestnut/bastion/data/processed/Documents/Official Records/Army/Army Personnel File/772634732.json
2024-12-19 10:51:43,350 - INFO - Processed: /media/jimmychestnut/bastion/data/raw/Documents/Official Records/Army/Army Personnel File/406329479.tif -> /media/jimmychestnut/bastion/data/processed/Documents/Official Records/Army/Army Personnel File/406329479.json
2024-12-19 10:51:45,501 - INFO - Processed: /media/jimmychestnut/bastion/data/raw/Documents/Official Records/Army/Army Personnel File/732385128.tif -> /media/jimmychestnut/bastion/data/processed/Documents/Official Records/Army/Army Personnel File/732385128.json
2024-12-19 10:51:45,786 - INFO - Processed: /media/jimmychestnut/bastion/data/raw/Documents/Official Records/Army/Army Personnel File/795182810.tif -> /media/jimmychestnut/bastion/data/processed/Documents/Official Records/Army/Army Personnel File/795182810.json
2024-12-19 10:51:47,986 - INFO - Processed: /media/jimmychestnut/bastion/data/raw/Documents/Official Records/Army/Army Personnel File/745180269.tif -> /media/jimmychestnut/bastion/data/processed/Documents/Official Records/Army/Army Personnel File/745180269.json
2024-12-19 10:51:48,434 - INFO - Processed: /media/jimmychestnut/bastion/data/raw/Documents/Official Records/Army/Army Personnel File/750885446.tif -> /media/jimmychestnut/bastion/data/processed/Documents/Official Records/Army/Army Personnel File/750885446.json
2024-12-19 10:51:50,443 - INFO - Processed: /media/jimmychestnut/bastion/data/raw/Documents/Official Records/Army/Army Personnel File/700711777.tif -> /media/jimmychestnut/bastion/data/processed/Documents/Official Records/Army/Army Personnel File/700711777.json
2024-12-19 10:51:54,191 - INFO - Processed: /media/jimmychestnut/bastion/data/raw/Documents/Official Records/Army/Army Personnel File/401821223.tif -> /media/jimmychestnut/bastion/data/processed/Documents/Official Records/Army/Army Personnel File/401821223.json
2024-12-19 10:51:54,512 - INFO - Processed: /media/jimmychestnut/bastion/data/raw/Documents/Official Records/Army/Army Personnel File/750885341.tif -> /media/jimmychestnut/bastion/data/processed/Documents/Official Records/Army/Army Personnel File/750885341.json
2024-12-19 10:51:56,246 - INFO - Processed: /media/jimmychestnut/bastion/data/raw/Documents/Official Records/Army/Army Personnel File/404247791.tif -> /media/jimmychestnut/bastion/data/processed/Documents/Official Records/Army/Army Personnel File/404247791.json
2024-12-19 10:51:58,127 - INFO - Processed: /media/jimmychestnut/bastion/data/raw/Documents/Official Records/Army/Army Personnel File/406209186.tif -> /media/jimmychestnut/bastion/data/processed/Documents/Official Records/Army/Army Personnel File/406209186.json
2024-12-19 10:51:59,881 - INFO - Processed: /media/jimmychestnut/bastion/data/raw/Documents/Official Records/Army/Army Personnel File/550514706.tif -> /media/jimmychestnut/bastion/data/processed/Documents/Official Records/Army/Army Personnel File/550514706.json
2024-12-19 10:52:01,754 - INFO - Processed: /media/jimmychestnut/bastion/data/raw/Documents/Official Records/Army/Army Personnel File/736570293.tif -> /media/jimmychestnut/bastion/data/processed/Documents/Official Records/Army/Army Personnel File/736570293.json
2024-12-19 10:52:03,468 - INFO - Processed: /media/jimmychestnut/bastion/data/raw/Documents/Official Records/Army/Army Personnel File/409336829.tif -> /media/jimmychestnut/bastion/data/processed/Documents/Official Records/Army/Army Personnel File/409336829.json
2024-12-19 10:52:05,233 - INFO - Processed: /media/jimmychestnut/bastion/data/raw/Documents/Official Records/Army/Army Personnel File/760686302.tif -> /media/jimmychestnut/bastion/data/processed/Documents/Official Records/Army/Army Personnel File/760686302.json
2024-12-19 10:52:07,632 - INFO - Processed: /media/jimmychestnut/bastion/data/raw/Documents/Official Records/Army/Army Personnel File/714161809.tif -> /media/jimmychestnut/bastion/data/processed/Documents/Official Records/Army/Army Personnel File/714161809.json
2024-12-19 10:52:09,803 - INFO - Processed: /media/jimmychestnut/bastion/data/raw/Documents/Official Records/Army/Army Personnel File/760685469.tif -> /media/jimmychestnut/bastion/data/processed/Documents/Official Records/Army/Army Personnel File/760685469.json
2024-12-19 10:52:10,910 - INFO - Processed: /media/jimmychestnut/bastion/data/raw/Documents/Official Records/Army/Army Personnel File/750885447.tif -> /media/jimmychestnut/bastion/data/processed/Documents/Official Records/Army/Army Personnel File/750885447.json
2024-12-19 10:52:11,372 - INFO - Processed: /media/jimmychestnut/bastion/data/raw/Documents/Official Records/Army/Army Personnel File/750897365.tif -> /media/jimmychestnut/bastion/data/processed/Documents/Official Records/Army/Army Personnel File/750897365.json
2024-12-19 10:52:13,336 - INFO - Processed: /media/jimmychestnut/bastion/data/raw/Documents/Official Records/Army/Army Personnel File/407209983.tif -> /media/jimmychestnut/bastion/data/processed/Documents/Official Records/Army/Army Personnel File/407209983.json
2024-12-19 10:52:15,768 - INFO - Processed: /media/jimmychestnut/bastion/data/raw/Documents/Official Records/Army/Army Personnel File/409673467.tif -> /media/jimmychestnut/bastion/data/processed/Documents/Official Records/Army/Army Personnel File/409673467.json
2024-12-19 10:52:16,350 - INFO - Processed: /media/jimmychestnut/bastion/data/raw/Documents/Official Records/Army/Army Personnel File/410853662.tif -> /media/jimmychestnut/bastion/data/processed/Documents/Official Records/Army/Army Personnel File/410853662.json
2024-12-19 10:52:17,351 - INFO - Processed: /media/jimmychestnut/bastion/data/raw/Documents/Official Records/Army/Army Personnel File/404495142.tif -> /media/jimmychestnut/bastion/data/processed/Documents/Official Records/Army/Army Personnel File/404495142.json
2024-12-19 10:52:18,918 - INFO - Processed: /media/jimmychestnut/bastion/data/raw/Documents/Official Records/Army/Army Personnel File/772634732.tif -> /media/jimmychestnut/bastion/data/processed/Documents/Official Records/Army/Army Personnel File/772634732.json
2024-12-19 10:52:21,453 - INFO - Processed: /media/jimmychestnut/bastion/data/raw/Documents/Official Records/Army/Army Personnel File/732385128.tif -> /media/jimmychestnut/bastion/data/processed/Documents/Official Records/Army/Army Personnel File/732385128.json
2024-12-19 11:14:10,663 - ERROR - Error processing /media/jimmychestnut/bastion/data/raw/Documents/Official Records/Medical/Med Record/Chestnut_James_Wayne_6303___ahlta print.pdf: 
**********************************************************************
  Resource [93mpunkt_tab[0m not found.
  Please use the NLTK Downloader to obtain the resource:

  [31m>>> import nltk
  >>> nltk.download('punkt_tab')
  [0m
  For more information see: https://www.nltk.org/data.html

  Attempted to load [93mtokenizers/punkt_tab/english/[0m

  Searched in:
    - '/home/jimmychestnut/nltk_data'
    - '/media/jimmychestnut/bastion/src/OCRtoJSON/venv/nltk_data'
    - '/media/jimmychestnut/bastion/src/OCRtoJSON/venv/share/nltk_data'
    - '/media/jimmychestnut/bastion/src/OCRtoJSON/venv/lib/nltk_data'
    - '/usr/share/nltk_data'
    - '/usr/local/share/nltk_data'
    - '/usr/lib/nltk_data'
    - '/usr/local/lib/nltk_data'
**********************************************************************

2024-12-19 11:14:50,342 - ERROR - Error processing /media/jimmychestnut/bastion/data/raw/Documents/Official Records/Medical/Med Record/Chestnut_James_Wayne_6303___ahlta print.pdf: 
**********************************************************************
  Resource [93mpunkt_tab[0m not found.
  Please use the NLTK Downloader to obtain the resource:

  [31m>>> import nltk
  >>> nltk.download('punkt_tab')
  [0m
  For more information see: https://www.nltk.org/data.html

  Attempted to load [93mtokenizers/punkt_tab/english/[0m

  Searched in:
    - '/home/jimmychestnut/nltk_data'
    - '/media/jimmychestnut/bastion/src/OCRtoJSON/venv/nltk_data'
    - '/media/jimmychestnut/bastion/src/OCRtoJSON/venv/share/nltk_data'
    - '/media/jimmychestnut/bastion/src/OCRtoJSON/venv/lib/nltk_data'
    - '/usr/share/nltk_data'
    - '/usr/local/share/nltk_data'
    - '/usr/lib/nltk_data'
    - '/usr/local/lib/nltk_data'
**********************************************************************

2024-12-19 11:18:29,932 - ERROR - Error processing /media/jimmychestnut/bastion/data/raw/Documents/Official Records/Medical/Med Record/Chestnut_James_Wayne_6303___ahlta print.pdf: 
**********************************************************************
  Resource [93mpunkt_tab[0m not found.
  Please use the NLTK Downloader to obtain the resource:

  [31m>>> import nltk
  >>> nltk.download('punkt_tab')
  [0m
  For more information see: https://www.nltk.org/data.html

  Attempted to load [93mtokenizers/punkt_tab/english/[0m

  Searched in:
    - '/home/jimmychestnut/nltk_data'
    - '/media/jimmychestnut/bastion/src/OCRtoJSON/venv/nltk_data'
    - '/media/jimmychestnut/bastion/src/OCRtoJSON/venv/share/nltk_data'
    - '/media/jimmychestnut/bastion/src/OCRtoJSON/venv/lib/nltk_data'
    - '/usr/share/nltk_data'
    - '/usr/local/share/nltk_data'
    - '/usr/lib/nltk_data'
    - '/usr/local/lib/nltk_data'
**********************************************************************

2024-12-19 11:22:23,870 - ERROR - Error processing /media/jimmychestnut/bastion/data/raw/Documents/Official Records/Medical/Med Record/Chestnut_James_Wayne_6303___ahlta print.pdf: 
**********************************************************************
  Resource [93mpunkt_tab[0m not found.
  Please use the NLTK Downloader to obtain the resource:

  [31m>>> import nltk
  >>> nltk.download('punkt_tab')
  [0m
  For more information see: https://www.nltk.org/data.html

  Attempted to load [93mtokenizers/punkt_tab/english/[0m

  Searched in:
    - '/home/jimmychestnut/nltk_data'
    - '/media/jimmychestnut/bastion/src/OCRtoJSON/venv/nltk_data'
    - '/media/jimmychestnut/bastion/src/OCRtoJSON/venv/share/nltk_data'
    - '/media/jimmychestnut/bastion/src/OCRtoJSON/venv/lib/nltk_data'
    - '/usr/share/nltk_data'
    - '/usr/local/share/nltk_data'
    - '/usr/lib/nltk_data'
    - '/usr/local/lib/nltk_data'
**********************************************************************

2024-12-19 11:28:29,507 - ERROR - Error processing /media/jimmychestnut/bastion/data/raw/Documents/Official Records/Medical/Med Record/Chestnut_James_Wayne_6303___ahlta print.pdf: 
**********************************************************************
  Resource [93mpunkt_tab[0m not found.
  Please use the NLTK Downloader to obtain the resource:

  [31m>>> import nltk
  >>> nltk.download('punkt_tab')
  [0m
  For more information see: https://www.nltk.org/data.html

  Attempted to load [93mtokenizers/punkt_tab/english/[0m

  Searched in:
    - '/home/jimmychestnut/nltk_data'
    - '/media/jimmychestnut/bastion/src/OCRtoJSON/venv/nltk_data'
    - '/media/jimmychestnut/bastion/src/OCRtoJSON/venv/share/nltk_data'
    - '/media/jimmychestnut/bastion/src/OCRtoJSON/venv/lib/nltk_data'
    - '/usr/share/nltk_data'
    - '/usr/local/share/nltk_data'
    - '/usr/lib/nltk_data'
    - '/usr/local/lib/nltk_data'
    - '/home/jimmychestnut/nltk_data'
**********************************************************************

2024-12-19 12:53:54,610 - INFO - Processed PDF: /media/jimmychestnut/bastion/data/raw/Documents/Official Records/Medical/Med Record/Chestnut_James_Wayne_6303___ahlta print.pdf -> /media/jimmychestnut/bastion/data/processed/Medical/Chestnut_James_Wayne_6303___ahlta print.json
2024-12-19 13:34:30,790 - INFO - Processed PDF: /media/jimmychestnut/bastion/data/raw/Documents/Official Records/Medical/Med Record/Chestnut_James_Wayne_6303___sensitive.pdf -> /media/jimmychestnut/bastion/data/processed/Official Records/Medical/Med Record/Chestnut_James_Wayne_6303___sensitive.json
